<?xml version="1.0" encoding="UTF-8" ?>
<testsuite failures="0" time="0.343" errors="0" skipped="0" tests="8" name="com.cg.bdd.SubscribeTest">
  <properties>
[...]
</properties>
  <testcase time="0" classname="Scenario: Subscribe with a valid email address" name="Given I want to subscribe to important market information"/>
  <testcase time="0" classname="Scenario: Subscribe with a valid email address" name="When I enter valid address saket.khandelwal@capgemini.com"/>
  <testcase time="0" classname="Scenario: Subscribe with a valid email address" name="Then should I get a welcome message"/>
  <testcase time="0" classname="Scenario: Subscribe with a valid email address" name="Scenario: Subscribe with a valid email address"/>
  <testcase time="0" classname="Scenario: Try to subscribe with an invalid e-mail address" name="Given I want to subscribe to important market information"/>
  <testcase time="0" classname="Scenario: Try to subscribe with an invalid e-mail address" name="When I enter an invalid address tsu.kth.se"/>
  <testcase time="0" classname="Scenario: Try to subscribe with an invalid e-mail address" name="Then should I get an error message"/>
  <testcase time="0" classname="Scenario: Try to subscribe with an invalid e-mail address" name="Scenario: Try to subscribe with an invalid e-mail address"/>
</testsuite>